\BOOKMARK [0][-]{dummy.1}{\376\377\000D\000e\000c\000l\000a\000r\000a\000t\000i\000o\000n\000\040\000o\000f\000\040\000A\000u\000t\000h\000o\000r\000s\000h\000i\000p}{}
\BOOKMARK [0][-]{dummy.2}{\376\377\000A\000b\000s\000t\000r\000a\000c\000t}{}
\BOOKMARK [0][-]{dummy.3}{\376\377\000A\000c\000k\000n\000o\000w\000l\000e\000d\000g\000e\000m\000e\000n\000t\000s}{}
\BOOKMARK [0][-]{dummy.4}{\376\377\000C\000o\000n\000t\000e\000n\000t\000s}{}
\BOOKMARK [0][-]{dummy.6}{\376\377\000L\000i\000s\000t\000\040\000o\000f\000\040\000F\000i\000g\000u\000r\000e\000s}{}
\BOOKMARK [0][-]{dummy.8}{\376\377\000L\000i\000s\000t\000\040\000o\000f\000\040\000T\000a\000b\000l\000e\000s}{}
\BOOKMARK [0][-]{dummy.10}{\376\377\000A\000b\000b\000r\000e\000v\000i\000a\000t\000i\000o\000n\000s}{}
\BOOKMARK [0][-]{dummy.13}{\376\377\000P\000h\000y\000s\000i\000c\000a\000l\000\040\000C\000o\000n\000s\000t\000a\000n\000t\000s}{}
\BOOKMARK [0][-]{dummy.16}{\376\377\000S\000y\000m\000b\000o\000l\000s}{}
\BOOKMARK [0][-]{chapter.19}{\376\377\0001\000\040\000M\000e\000t\000h\000o\000d\000o\000l\000o\000g\000y}{}
\BOOKMARK [1][-]{section.20}{\376\377\0001\000.\0001\000\040\000P\000r\000e\000l\000i\000m\000i\000n\000a\000r\000y\000\040\000C\000o\000n\000t\000e\000x\000t\000u\000a\000l\000\040\000I\000n\000q\000u\000i\000r\000y}{chapter.19}
\BOOKMARK [2][-]{subsection.21}{\376\377\0001\000.\0001\000.\0001\000\040\000D\000e\000s\000c\000r\000i\000p\000t\000i\000o\000n\000\040\000o\000f\000\040\000t\000h\000e\000\040\000S\000t\000u\000d\000y}{section.20}
\BOOKMARK [2][-]{subsection.22}{\376\377\0001\000.\0001\000.\0002\000\040\000M\000e\000t\000h\000o\000d\000s}{section.20}
\BOOKMARK [1][-]{section.23}{\376\377\0001\000.\0002\000\040\000I\000m\000p\000l\000e\000m\000e\000n\000t\000a\000t\000i\000o\000n\000\040\000o\000f\000\040\000t\000h\000e\000\040\000F\000i\000r\000s\000t\000\040\000P\000r\000o\000t\000o\000t\000y\000p\000e\000\040\000o\000f\000\040\000a\000\040\000H\000e\000a\000l\000t\000h\000\040\000S\000e\000l\000f\000-\000M\000o\000n\000i\000t\000o\000r\000i\000n\000g\000\040\000A\000p\000p\000l\000i\000c\000a\000t\000i\000o\000n}{chapter.19}
\BOOKMARK [2][-]{subsection.24}{\376\377\0001\000.\0002\000.\0001\000\040\000I\000m\000p\000l\000e\000m\000e\000n\000t\000a\000t\000i\000o\000n\000\040\000P\000l\000a\000t\000f\000o\000r\000m}{section.23}
\BOOKMARK [2][-]{subsection.27}{\376\377\0001\000.\0002\000.\0002\000\040\000I\000m\000p\000l\000e\000m\000e\000n\000t\000e\000d\000\040\000F\000e\000a\000t\000u\000r\000e\000s}{section.23}
\BOOKMARK [1][-]{section.28}{\376\377\0001\000.\0003\000\040\000P\000i\000l\000o\000t\000\040\000E\000v\000a\000l\000u\000a\000t\000i\000o\000n\000\040\000I}{chapter.19}
\BOOKMARK [2][-]{subsection.29}{\376\377\0001\000.\0003\000.\0001\000\040\000D\000e\000s\000c\000r\000i\000p\000t\000i\000o\000n\000\040\000o\000f\000\040\000t\000h\000e\000\040\000S\000t\000u\000d\000y}{section.28}
\BOOKMARK [1][-]{section.31}{\376\377\0001\000.\0004\000\040\000P\000i\000l\000o\000t\000\040\000E\000v\000a\000l\000u\000a\000t\000i\000o\000n\000\040\000I\000I}{chapter.19}
\BOOKMARK [2][-]{subsection.32}{\376\377\0001\000.\0004\000.\0001\000\040\000D\000a\000t\000a\000\040\000C\000o\000l\000l\000e\000c\000t\000i\000o\000n\000\040\000M\000e\000t\000h\000o\000d\000s}{section.31}
\BOOKMARK [3][-]{subsubsection.33}{\376\377\0001\000.\0004\000.\0001\000.\0001\000\040\000I\000n\000t\000e\000r\000v\000i\000e\000w\000s}{subsection.32}
\BOOKMARK [0][-]{chapter.34}{\376\377\0002\000\040\000F\000i\000n\000d\000i\000n\000g\000s}{}
\BOOKMARK [1][-]{section.35}{\376\377\0002\000.\0001\000\040\000P\000i\000l\000o\000t\000\040\000E\000v\000a\000l\000u\000a\000t\000i\000o\000n\000\040\000I\000I\000\040\000F\000i\000n\000d\000i\000n\000g\000s}{chapter.34}
\BOOKMARK [2][-]{subsection.36}{\376\377\0002\000.\0001\000.\0001\000\040\000B\000a\000s\000e\000l\000i\000n\000e}{section.35}
